This file contains any messages produced by compilers while
running configure, to aid debugging if configure makes a mistake.

It was created by radcli configure 1.2.7, which was
generated by GNU Autoconf 2.69.  Invocation command line was

  $ ./configure --with-tls

## --------- ##
## Platform. ##
## --------- ##

hostname = t440p
uname -m = x86_64
uname -r = 4.2.0-19-generic
uname -s = Linux
uname -v = #23-Ubuntu SMP Wed Nov 11 11:39:30 UTC 2015

/usr/bin/uname -p = unknown
/bin/uname -X     = unknown

/bin/arch              = unknown
/usr/bin/arch -k       = unknown
/usr/convex/getsysinfo = unknown
/usr/bin/hostinfo      = unknown
/bin/machine           = unknown
/usr/bin/oslevel       = unknown
/bin/universe          = unknown

PATH: /home/salman/bin
PATH: /usr/local/gradle/bin
PATH: /usr/local/sbin
PATH: /usr/local/bin
PATH: /usr/sbin
PATH: /usr/bin
PATH: /sbin
PATH: /bin
PATH: /usr/games
PATH: /usr/local/games


## ----------- ##
## Core tests. ##
## ----------- ##

configure:2370: checking build system type
configure:2384: result: x86_64-unknown-linux-gnu
configure:2404: checking host system type
configure:2417: result: x86_64-unknown-linux-gnu
configure:2437: checking target system type
configure:2450: result: x86_64-unknown-linux-gnu
configure:2515: checking for a BSD-compatible install
configure:2583: result: /usr/bin/install -c
configure:2594: checking whether build environment is sane
configure:2649: result: yes
configure:2800: checking for a thread-safe mkdir -p
configure:2839: result: /bin/mkdir -p
configure:2846: checking for gawk
configure:2862: found /usr/bin/gawk
configure:2873: result: gawk
configure:2884: checking whether make sets $(MAKE)
configure:2906: result: yes
configure:2935: checking whether make supports nested variables
configure:2952: result: yes
configure:3136: checking for pkg-config
configure:3154: found /usr/bin/pkg-config
configure:3166: result: /usr/bin/pkg-config
configure:3191: checking pkg-config is at least version 0.9.0
configure:3194: result: yes
configure:3248: checking how to print strings
configure:3275: result: printf
configure:3308: checking for style of include used by make
configure:3336: result: GNU
configure:3407: checking for gcc
configure:3423: found /usr/bin/gcc
configure:3434: result: gcc
configure:3663: checking for C compiler version
configure:3672: gcc --version >&5
gcc (Ubuntu 5.2.1-22ubuntu2) 5.2.1 20151010
Copyright (C) 2015 Free Software Foundation, Inc.
This is free software; see the source for copying conditions.  There is NO
warranty; not even for MERCHANTABILITY or FITNESS FOR A PARTICULAR PURPOSE.

configure:3683: $? = 0
configure:3672: gcc -v >&5
Using built-in specs.
COLLECT_GCC=gcc
COLLECT_LTO_WRAPPER=/usr/lib/gcc/x86_64-linux-gnu/5/lto-wrapper
Target: x86_64-linux-gnu
Configured with: ../src/configure -v --with-pkgversion='Ubuntu 5.2.1-22ubuntu2' --with-bugurl=file:///usr/share/doc/gcc-5/README.Bugs --enable-languages=c,ada,c++,java,go,d,fortran,objc,obj-c++ --prefix=/usr --program-suffix=-5 --enable-shared --enable-linker-build-id --libexecdir=/usr/lib --without-included-gettext --enable-threads=posix --libdir=/usr/lib --enable-nls --with-sysroot=/ --enable-clocale=gnu --enable-libstdcxx-debug --enable-libstdcxx-time=yes --with-default-libstdcxx-abi=new --enable-gnu-unique-object --disable-vtable-verify --enable-libmpx --enable-plugin --with-system-zlib --disable-browser-plugin --enable-java-awt=gtk --enable-gtk-cairo --with-java-home=/usr/lib/jvm/java-1.5.0-gcj-5-amd64/jre --enable-java-home --with-jvm-root-dir=/usr/lib/jvm/java-1.5.0-gcj-5-amd64 --with-jvm-jar-dir=/usr/lib/jvm-exports/java-1.5.0-gcj-5-amd64 --with-arch-directory=amd64 --with-ecj-jar=/usr/share/java/eclipse-ecj.jar --enable-objc-gc --enable-multiarch --disable-werror --with-arch-32=i686 --with-abi=m64 --with-multilib-list=m32,m64,mx32 --enable-multilib --with-tune=generic --enable-checking=release --build=x86_64-linux-gnu --host=x86_64-linux-gnu --target=x86_64-linux-gnu
Thread model: posix
gcc version 5.2.1 20151010 (Ubuntu 5.2.1-22ubuntu2) 
configure:3683: $? = 0
configure:3672: gcc -V >&5
gcc: error: unrecognized command line option '-V'
gcc: fatal error: no input files
compilation terminated.
configure:3683: $? = 1
configure:3672: gcc -qversion >&5
gcc: error: unrecognized command line option '-qversion'
gcc: fatal error: no input files
compilation terminated.
configure:3683: $? = 1
configure:3703: checking whether the C compiler works
configure:3725: gcc    conftest.c  >&5
configure:3729: $? = 0
configure:3777: result: yes
configure:3780: checking for C compiler default output file name
configure:3782: result: a.out
configure:3788: checking for suffix of executables
configure:3795: gcc -o conftest    conftest.c  >&5
configure:3799: $? = 0
configure:3821: result: 
configure:3843: checking whether we are cross compiling
configure:3851: gcc -o conftest    conftest.c  >&5
configure:3855: $? = 0
configure:3862: ./conftest
configure:3866: $? = 0
configure:3881: result: no
configure:3886: checking for suffix of object files
configure:3908: gcc -c   conftest.c >&5
configure:3912: $? = 0
configure:3933: result: o
configure:3937: checking whether we are using the GNU C compiler
configure:3956: gcc -c   conftest.c >&5
configure:3956: $? = 0
configure:3965: result: yes
configure:3974: checking whether gcc accepts -g
configure:3994: gcc -c -g  conftest.c >&5
configure:3994: $? = 0
configure:4035: result: yes
configure:4052: checking for gcc option to accept ISO C89
configure:4115: gcc  -c -g -O2  conftest.c >&5
configure:4115: $? = 0
configure:4128: result: none needed
configure:4153: checking whether gcc understands -c and -o together
configure:4175: gcc -c conftest.c -o conftest2.o
configure:4178: $? = 0
configure:4175: gcc -c conftest.c -o conftest2.o
configure:4178: $? = 0
configure:4190: result: yes
configure:4209: checking dependency style of gcc
configure:4320: result: gcc3
configure:4335: checking for a sed that does not truncate output
configure:4399: result: /bin/sed
configure:4417: checking for grep that handles long lines and -e
configure:4475: result: /bin/grep
configure:4480: checking for egrep
configure:4542: result: /bin/grep -E
configure:4547: checking for fgrep
configure:4609: result: /bin/grep -F
configure:4644: checking for ld used by gcc
configure:4711: result: /usr/bin/ld
configure:4718: checking if the linker (/usr/bin/ld) is GNU ld
configure:4733: result: yes
configure:4745: checking for BSD- or MS-compatible name lister (nm)
configure:4794: result: /usr/bin/nm -B
configure:4924: checking the name lister (/usr/bin/nm -B) interface
configure:4931: gcc -c -g -O2  conftest.c >&5
configure:4934: /usr/bin/nm -B "conftest.o"
configure:4937: output
0000000000000000 B some_variable
configure:4944: result: BSD nm
configure:4947: checking whether ln -s works
configure:4951: result: yes
configure:4959: checking the maximum length of command line arguments
configure:5090: result: 1572864
configure:5107: checking whether the shell understands some XSI constructs
configure:5117: result: yes
configure:5121: checking whether the shell understands "+="
configure:5127: result: yes
configure:5162: checking how to convert x86_64-unknown-linux-gnu file names to x86_64-unknown-linux-gnu format
configure:5202: result: func_convert_file_noop
configure:5209: checking how to convert x86_64-unknown-linux-gnu file names to toolchain format
configure:5229: result: func_convert_file_noop
configure:5236: checking for /usr/bin/ld option to reload object files
configure:5243: result: -r
configure:5317: checking for objdump
configure:5333: found /usr/bin/objdump
configure:5344: result: objdump
configure:5373: checking how to recognize dependent libraries
configure:5571: result: pass_all
configure:5656: checking for dlltool
configure:5686: result: no
configure:5713: checking how to associate runtime and link libraries
configure:5740: result: printf %s\n
configure:5801: checking for ar
configure:5817: found /usr/bin/ar
configure:5828: result: ar
configure:5865: checking for archiver @FILE support
configure:5882: gcc -c -g -O2  conftest.c >&5
configure:5882: $? = 0
configure:5885: ar cru libconftest.a @conftest.lst >&5
ar: `u' modifier ignored since `D' is the default (see `U')
configure:5888: $? = 0
configure:5893: ar cru libconftest.a @conftest.lst >&5
ar: `u' modifier ignored since `D' is the default (see `U')
ar: conftest.o: No such file or directory
configure:5896: $? = 1
configure:5908: result: @
configure:5966: checking for strip
configure:5982: found /usr/bin/strip
configure:5993: result: strip
configure:6065: checking for ranlib
configure:6081: found /usr/bin/ranlib
configure:6092: result: ranlib
configure:6194: checking command to parse /usr/bin/nm -B output from gcc object
configure:6314: gcc -c -g -O2  conftest.c >&5
configure:6317: $? = 0
configure:6321: /usr/bin/nm -B conftest.o \| sed -n -e 's/^.*[ ]\([ABCDGIRSTW][ABCDGIRSTW]*\)[ ][ ]*\([_A-Za-z][_A-Za-z0-9]*\)$/\1 \2 \2/p' | sed '/ __gnu_lto/d' \> conftest.nm
configure:6324: $? = 0
configure:6390: gcc -o conftest -g -O2   conftest.c conftstm.o >&5
configure:6393: $? = 0
configure:6431: result: ok
configure:6468: checking for sysroot
configure:6498: result: no
configure:6575: gcc -c -g -O2  conftest.c >&5
configure:6578: $? = 0
configure:6767: checking for mt
configure:6783: found /bin/mt
configure:6794: result: mt
configure:6817: checking if mt is a manifest tool
configure:6823: mt '-?'
configure:6831: result: no
configure:7473: checking how to run the C preprocessor
configure:7504: gcc -E  conftest.c
configure:7504: $? = 0
configure:7518: gcc -E  conftest.c
conftest.c:11:28: fatal error: ac_nonexistent.h: No such file or directory
compilation terminated.
configure:7518: $? = 1
configure: failed program was:
| /* confdefs.h */
| #define PACKAGE_NAME "radcli"
| #define PACKAGE_TARNAME "radcli"
| #define PACKAGE_VERSION "1.2.7"
| #define PACKAGE_STRING "radcli 1.2.7"
| #define PACKAGE_BUGREPORT "n.mavrogiannopoulos@gmail.com"
| #define PACKAGE_URL ""
| #define PACKAGE "radcli"
| #define VERSION "1.2.7"
| /* end confdefs.h.  */
| #include <ac_nonexistent.h>
configure:7543: result: gcc -E
configure:7563: gcc -E  conftest.c
configure:7563: $? = 0
configure:7577: gcc -E  conftest.c
conftest.c:11:28: fatal error: ac_nonexistent.h: No such file or directory
compilation terminated.
configure:7577: $? = 1
configure: failed program was:
| /* confdefs.h */
| #define PACKAGE_NAME "radcli"
| #define PACKAGE_TARNAME "radcli"
| #define PACKAGE_VERSION "1.2.7"
| #define PACKAGE_STRING "radcli 1.2.7"
| #define PACKAGE_BUGREPORT "n.mavrogiannopoulos@gmail.com"
| #define PACKAGE_URL ""
| #define PACKAGE "radcli"
| #define VERSION "1.2.7"
| /* end confdefs.h.  */
| #include <ac_nonexistent.h>
configure:7606: checking for ANSI C header files
configure:7626: gcc -c -g -O2  conftest.c >&5
configure:7626: $? = 0
configure:7699: gcc -o conftest -g -O2   conftest.c  >&5
configure:7699: $? = 0
configure:7699: ./conftest
configure:7699: $? = 0
configure:7710: result: yes
configure:7723: checking for sys/types.h
configure:7723: gcc -c -g -O2  conftest.c >&5
configure:7723: $? = 0
configure:7723: result: yes
configure:7723: checking for sys/stat.h
configure:7723: gcc -c -g -O2  conftest.c >&5
configure:7723: $? = 0
configure:7723: result: yes
configure:7723: checking for stdlib.h
configure:7723: gcc -c -g -O2  conftest.c >&5
configure:7723: $? = 0
configure:7723: result: yes
configure:7723: checking for string.h
configure:7723: gcc -c -g -O2  conftest.c >&5
configure:7723: $? = 0
configure:7723: result: yes
configure:7723: checking for memory.h
configure:7723: gcc -c -g -O2  conftest.c >&5
configure:7723: $? = 0
configure:7723: result: yes
configure:7723: checking for strings.h
configure:7723: gcc -c -g -O2  conftest.c >&5
configure:7723: $? = 0
configure:7723: result: yes
configure:7723: checking for inttypes.h
configure:7723: gcc -c -g -O2  conftest.c >&5
configure:7723: $? = 0
configure:7723: result: yes
configure:7723: checking for stdint.h
configure:7723: gcc -c -g -O2  conftest.c >&5
configure:7723: $? = 0
configure:7723: result: yes
configure:7723: checking for unistd.h
configure:7723: gcc -c -g -O2  conftest.c >&5
configure:7723: $? = 0
configure:7723: result: yes
configure:7737: checking for dlfcn.h
configure:7737: gcc -c -g -O2  conftest.c >&5
configure:7737: $? = 0
configure:7737: result: yes
configure:8241: checking for objdir
configure:8256: result: .libs
configure:8527: checking if gcc supports -fno-rtti -fno-exceptions
configure:8545: gcc -c -g -O2  -fno-rtti -fno-exceptions conftest.c >&5
cc1: warning: command line option '-fno-rtti' is valid for C++/ObjC++ but not for C
configure:8549: $? = 0
configure:8562: result: no
configure:8889: checking for gcc option to produce PIC
configure:8896: result: -fPIC -DPIC
configure:8904: checking if gcc PIC flag -fPIC -DPIC works
configure:8922: gcc -c -g -O2  -fPIC -DPIC -DPIC conftest.c >&5
configure:8926: $? = 0
configure:8939: result: yes
configure:8968: checking if gcc static flag -static works
configure:8996: result: yes
configure:9011: checking if gcc supports -c -o file.o
configure:9032: gcc -c -g -O2  -o out/conftest2.o conftest.c >&5
configure:9036: $? = 0
configure:9058: result: yes
configure:9066: checking if gcc supports -c -o file.o
configure:9113: result: yes
configure:9146: checking whether the gcc linker (/usr/bin/ld -m elf_x86_64) supports shared libraries
configure:10303: result: yes
configure:10340: checking whether -lc should be explicitly linked in
configure:10348: gcc -c -g -O2  conftest.c >&5
configure:10351: $? = 0
configure:10366: gcc -shared  -fPIC -DPIC conftest.o  -v -Wl,-soname -Wl,conftest -o conftest 2\>\&1 \| /bin/grep  -lc  \>/dev/null 2\>\&1
configure:10369: $? = 0
configure:10383: result: no
configure:10543: checking dynamic linker characteristics
configure:11043: gcc -o conftest -g -O2   -Wl,-rpath -Wl,/foo conftest.c  >&5
configure:11043: $? = 0
configure:11277: result: GNU/Linux ld.so
configure:11384: checking how to hardcode library paths into programs
configure:11409: result: immediate
configure:11949: checking whether stripping libraries is possible
configure:11954: result: yes
configure:11989: checking if libtool supports shared libraries
configure:11991: result: yes
configure:11994: checking whether to build shared libraries
configure:12015: result: yes
configure:12018: checking whether to build static libraries
configure:12022: result: yes
configure:12108: checking for gcc
configure:12135: result: gcc
configure:12364: checking for C compiler version
configure:12373: gcc --version >&5
gcc (Ubuntu 5.2.1-22ubuntu2) 5.2.1 20151010
Copyright (C) 2015 Free Software Foundation, Inc.
This is free software; see the source for copying conditions.  There is NO
warranty; not even for MERCHANTABILITY or FITNESS FOR A PARTICULAR PURPOSE.

configure:12384: $? = 0
configure:12373: gcc -v >&5
Using built-in specs.
COLLECT_GCC=gcc
COLLECT_LTO_WRAPPER=/usr/lib/gcc/x86_64-linux-gnu/5/lto-wrapper
Target: x86_64-linux-gnu
Configured with: ../src/configure -v --with-pkgversion='Ubuntu 5.2.1-22ubuntu2' --with-bugurl=file:///usr/share/doc/gcc-5/README.Bugs --enable-languages=c,ada,c++,java,go,d,fortran,objc,obj-c++ --prefix=/usr --program-suffix=-5 --enable-shared --enable-linker-build-id --libexecdir=/usr/lib --without-included-gettext --enable-threads=posix --libdir=/usr/lib --enable-nls --with-sysroot=/ --enable-clocale=gnu --enable-libstdcxx-debug --enable-libstdcxx-time=yes --with-default-libstdcxx-abi=new --enable-gnu-unique-object --disable-vtable-verify --enable-libmpx --enable-plugin --with-system-zlib --disable-browser-plugin --enable-java-awt=gtk --enable-gtk-cairo --with-java-home=/usr/lib/jvm/java-1.5.0-gcj-5-amd64/jre --enable-java-home --with-jvm-root-dir=/usr/lib/jvm/java-1.5.0-gcj-5-amd64 --with-jvm-jar-dir=/usr/lib/jvm-exports/java-1.5.0-gcj-5-amd64 --with-arch-directory=amd64 --with-ecj-jar=/usr/share/java/eclipse-ecj.jar --enable-objc-gc --enable-multiarch --disable-werror --with-arch-32=i686 --with-abi=m64 --with-multilib-list=m32,m64,mx32 --enable-multilib --with-tune=generic --enable-checking=release --build=x86_64-linux-gnu --host=x86_64-linux-gnu --target=x86_64-linux-gnu
Thread model: posix
gcc version 5.2.1 20151010 (Ubuntu 5.2.1-22ubuntu2) 
configure:12384: $? = 0
configure:12373: gcc -V >&5
gcc: error: unrecognized command line option '-V'
gcc: fatal error: no input files
compilation terminated.
configure:12384: $? = 1
configure:12373: gcc -qversion >&5
gcc: error: unrecognized command line option '-qversion'
gcc: fatal error: no input files
compilation terminated.
configure:12384: $? = 1
configure:12388: checking whether we are using the GNU C compiler
configure:12416: result: yes
configure:12425: checking whether gcc accepts -g
configure:12486: result: yes
configure:12503: checking for gcc option to accept ISO C89
configure:12579: result: none needed
configure:12604: checking whether gcc understands -c and -o together
configure:12641: result: yes
configure:12660: checking dependency style of gcc
configure:12771: result: gcc3
configure:12789: checking for ar
configure:12807: found /usr/bin/ar
configure:12819: result: /usr/bin/ar
configure:12827: checking whether ln -s works
configure:12831: result: yes
configure:12844: checking if LD -Wl,--version-script works
configure:12864: gcc -o conftest -g -O2   -Wl,--version-script=conftest.map conftest.c  >&5
/usr/bin/ld:conftest.map:2: syntax error in VERSION script
collect2: error: ld returned 1 exit status
configure:12864: $? = 1
configure: failed program was:
| /* confdefs.h */
| #define PACKAGE_NAME "radcli"
| #define PACKAGE_TARNAME "radcli"
| #define PACKAGE_VERSION "1.2.7"
| #define PACKAGE_STRING "radcli 1.2.7"
| #define PACKAGE_BUGREPORT "n.mavrogiannopoulos@gmail.com"
| #define PACKAGE_URL ""
| #define PACKAGE "radcli"
| #define VERSION "1.2.7"
| #define STDC_HEADERS 1
| #define HAVE_SYS_TYPES_H 1
| #define HAVE_SYS_STAT_H 1
| #define HAVE_STDLIB_H 1
| #define HAVE_STRING_H 1
| #define HAVE_MEMORY_H 1
| #define HAVE_STRINGS_H 1
| #define HAVE_INTTYPES_H 1
| #define HAVE_STDINT_H 1
| #define HAVE_UNISTD_H 1
| #define HAVE_DLFCN_H 1
| #define LT_OBJDIR ".libs/"
| /* end confdefs.h.  */
| 
| int
| main ()
| {
| 
|   ;
|   return 0;
| }
configure:12887: gcc -o conftest -g -O2   -Wl,--version-script=conftest.map conftest.c  >&5
configure:12887: $? = 0
configure:12898: result: yes
configure:12913: checking whether to enable legacy library compatibility
configure:12924: result: no
configure:12942: checking for socket in -lsocket
configure:12967: gcc -o conftest -g -O2   conftest.c -lsocket   >&5
/usr/bin/ld: cannot find -lsocket
collect2: error: ld returned 1 exit status
configure:12967: $? = 1
configure: failed program was:
| /* confdefs.h */
| #define PACKAGE_NAME "radcli"
| #define PACKAGE_TARNAME "radcli"
| #define PACKAGE_VERSION "1.2.7"
| #define PACKAGE_STRING "radcli 1.2.7"
| #define PACKAGE_BUGREPORT "n.mavrogiannopoulos@gmail.com"
| #define PACKAGE_URL ""
| #define PACKAGE "radcli"
| #define VERSION "1.2.7"
| #define STDC_HEADERS 1
| #define HAVE_SYS_TYPES_H 1
| #define HAVE_SYS_STAT_H 1
| #define HAVE_STDLIB_H 1
| #define HAVE_STRING_H 1
| #define HAVE_MEMORY_H 1
| #define HAVE_STRINGS_H 1
| #define HAVE_INTTYPES_H 1
| #define HAVE_STDINT_H 1
| #define HAVE_UNISTD_H 1
| #define HAVE_DLFCN_H 1
| #define LT_OBJDIR ".libs/"
| /* end confdefs.h.  */
| 
| /* Override any GCC internal prototype to avoid an error.
|    Use char because int might match the return type of a GCC
|    builtin and then its argument prototype would still apply.  */
| #ifdef __cplusplus
| extern "C"
| #endif
| char socket ();
| int
| main ()
| {
| return socket ();
|   ;
|   return 0;
| }
configure:12976: result: no
configure:12988: checking whether byte ordering is bigendian
configure:13003: gcc -c -g -O2  conftest.c >&5
conftest.c:24:9: error: unknown type name 'not'
         not a universal capable compiler
         ^
conftest.c:24:15: error: expected '=', ',', ';', 'asm' or '__attribute__' before 'universal'
         not a universal capable compiler
               ^
conftest.c:24:15: error: unknown type name 'universal'
configure:13003: $? = 1
configure: failed program was:
| /* confdefs.h */
| #define PACKAGE_NAME "radcli"
| #define PACKAGE_TARNAME "radcli"
| #define PACKAGE_VERSION "1.2.7"
| #define PACKAGE_STRING "radcli 1.2.7"
| #define PACKAGE_BUGREPORT "n.mavrogiannopoulos@gmail.com"
| #define PACKAGE_URL ""
| #define PACKAGE "radcli"
| #define VERSION "1.2.7"
| #define STDC_HEADERS 1
| #define HAVE_SYS_TYPES_H 1
| #define HAVE_SYS_STAT_H 1
| #define HAVE_STDLIB_H 1
| #define HAVE_STRING_H 1
| #define HAVE_MEMORY_H 1
| #define HAVE_STRINGS_H 1
| #define HAVE_INTTYPES_H 1
| #define HAVE_STDINT_H 1
| #define HAVE_UNISTD_H 1
| #define HAVE_DLFCN_H 1
| #define LT_OBJDIR ".libs/"
| /* end confdefs.h.  */
| #ifndef __APPLE_CC__
| 	       not a universal capable compiler
| 	     #endif
| 	     typedef int dummy;
| 
configure:13048: gcc -c -g -O2  conftest.c >&5
configure:13048: $? = 0
configure:13066: gcc -c -g -O2  conftest.c >&5
conftest.c: In function 'main':
conftest.c:30:4: error: unknown type name 'not'
    not big endian
    ^
conftest.c:30:12: error: expected '=', ',', ';', 'asm' or '__attribute__' before 'endian'
    not big endian
            ^
configure:13066: $? = 1
configure: failed program was:
| /* confdefs.h */
| #define PACKAGE_NAME "radcli"
| #define PACKAGE_TARNAME "radcli"
| #define PACKAGE_VERSION "1.2.7"
| #define PACKAGE_STRING "radcli 1.2.7"
| #define PACKAGE_BUGREPORT "n.mavrogiannopoulos@gmail.com"
| #define PACKAGE_URL ""
| #define PACKAGE "radcli"
| #define VERSION "1.2.7"
| #define STDC_HEADERS 1
| #define HAVE_SYS_TYPES_H 1
| #define HAVE_SYS_STAT_H 1
| #define HAVE_STDLIB_H 1
| #define HAVE_STRING_H 1
| #define HAVE_MEMORY_H 1
| #define HAVE_STRINGS_H 1
| #define HAVE_INTTYPES_H 1
| #define HAVE_STDINT_H 1
| #define HAVE_UNISTD_H 1
| #define HAVE_DLFCN_H 1
| #define LT_OBJDIR ".libs/"
| /* end confdefs.h.  */
| #include <sys/types.h>
| 		#include <sys/param.h>
| 
| int
| main ()
| {
| #if BYTE_ORDER != BIG_ENDIAN
| 		 not big endian
| 		#endif
| 
|   ;
|   return 0;
| }
configure:13194: result: no
configure:13216: checking for dirent.h that defines DIR
configure:13235: gcc -c -g -O2  conftest.c >&5
configure:13235: $? = 0
configure:13243: result: yes
configure:13256: checking for library containing opendir
configure:13287: gcc -o conftest -g -O2   conftest.c  >&5
configure:13287: $? = 0
configure:13304: result: none required
configure:13371: checking for ANSI C header files
configure:13475: result: yes
configure:13486: checking signal.h usability
configure:13486: gcc -c -g -O2  conftest.c >&5
configure:13486: $? = 0
configure:13486: result: yes
configure:13486: checking signal.h presence
configure:13486: gcc -E  conftest.c
configure:13486: $? = 0
configure:13486: result: yes
configure:13486: checking for signal.h
configure:13486: result: yes
configure:13486: checking sys/signal.h usability
configure:13486: gcc -c -g -O2  conftest.c >&5
configure:13486: $? = 0
configure:13486: result: yes
configure:13486: checking sys/signal.h presence
configure:13486: gcc -E  conftest.c
configure:13486: $? = 0
configure:13486: result: yes
configure:13486: checking for sys/signal.h
configure:13486: result: yes
configure:13486: checking for sys/stat.h
configure:13486: result: yes
configure:13499: checking fcntl.h usability
configure:13499: gcc -c -g -O2  conftest.c >&5
configure:13499: $? = 0
configure:13499: result: yes
configure:13499: checking fcntl.h presence
configure:13499: gcc -E  conftest.c
configure:13499: $? = 0
configure:13499: result: yes
configure:13499: checking for fcntl.h
configure:13499: result: yes
configure:13499: checking sys/fcntl.h usability
configure:13499: gcc -c -g -O2  conftest.c >&5
configure:13499: $? = 0
configure:13499: result: yes
configure:13499: checking sys/fcntl.h presence
configure:13499: gcc -E  conftest.c
configure:13499: $? = 0
configure:13499: result: yes
configure:13499: checking for sys/fcntl.h
configure:13499: result: yes
configure:13512: checking sys/utsname.h usability
configure:13512: gcc -c -g -O2  conftest.c >&5
configure:13512: $? = 0
configure:13512: result: yes
configure:13512: checking sys/utsname.h presence
configure:13512: gcc -E  conftest.c
configure:13512: $? = 0
configure:13512: result: yes
configure:13512: checking for sys/utsname.h
configure:13512: result: yes
configure:13512: checking getopt.h usability
configure:13512: gcc -c -g -O2  conftest.c >&5
configure:13512: $? = 0
configure:13512: result: yes
configure:13512: checking getopt.h presence
configure:13512: gcc -E  conftest.c
configure:13512: $? = 0
configure:13512: result: yes
configure:13512: checking for getopt.h
configure:13512: result: yes
configure:13512: checking for unistd.h
configure:13512: result: yes
configure:13525: checking sys/file.h usability
configure:13525: gcc -c -g -O2  conftest.c >&5
configure:13525: $? = 0
configure:13525: result: yes
configure:13525: checking sys/file.h presence
configure:13525: gcc -E  conftest.c
configure:13525: $? = 0
configure:13525: result: yes
configure:13525: checking for sys/file.h
configure:13525: result: yes
configure:13525: checking termios.h usability
configure:13525: gcc -c -g -O2  conftest.c >&5
configure:13525: $? = 0
configure:13525: result: yes
configure:13525: checking termios.h presence
configure:13525: gcc -E  conftest.c
configure:13525: $? = 0
configure:13525: result: yes
configure:13525: checking for termios.h
configure:13525: result: yes
configure:13525: checking sys/ioctl.h usability
configure:13525: gcc -c -g -O2  conftest.c >&5
configure:13525: $? = 0
configure:13525: result: yes
configure:13525: checking sys/ioctl.h presence
configure:13525: gcc -E  conftest.c
configure:13525: $? = 0
configure:13525: result: yes
configure:13525: checking for sys/ioctl.h
configure:13525: result: yes
configure:13538: checking netdb.h usability
configure:13538: gcc -c -g -O2  conftest.c >&5
configure:13538: $? = 0
configure:13538: result: yes
configure:13538: checking netdb.h presence
configure:13538: gcc -E  conftest.c
configure:13538: $? = 0
configure:13538: result: yes
configure:13538: checking for netdb.h
configure:13538: result: yes
configure:13538: checking syslog.h usability
configure:13538: gcc -c -g -O2  conftest.c >&5
configure:13538: $? = 0
configure:13538: result: yes
configure:13538: checking syslog.h presence
configure:13538: gcc -E  conftest.c
configure:13538: $? = 0
configure:13538: result: yes
configure:13538: checking for syslog.h
configure:13538: result: yes
configure:13538: checking pwd.h usability
configure:13538: gcc -c -g -O2  conftest.c >&5
configure:13538: $? = 0
configure:13538: result: yes
configure:13538: checking pwd.h presence
configure:13538: gcc -E  conftest.c
configure:13538: $? = 0
configure:13538: result: yes
configure:13538: checking for pwd.h
configure:13538: result: yes
configure:13551: checking sys/socket.h usability
configure:13551: gcc -c -g -O2  conftest.c >&5
configure:13551: $? = 0
configure:13551: result: yes
configure:13551: checking sys/socket.h presence
configure:13551: gcc -E  conftest.c
configure:13551: $? = 0
configure:13551: result: yes
configure:13551: checking for sys/socket.h
configure:13551: result: yes
configure:13551: checking netinet/in.h usability
configure:13551: gcc -c -g -O2  conftest.c >&5
configure:13551: $? = 0
configure:13551: result: yes
configure:13551: checking netinet/in.h presence
configure:13551: gcc -E  conftest.c
configure:13551: $? = 0
configure:13551: result: yes
configure:13551: checking for netinet/in.h
configure:13551: result: yes
configure:13551: checking arpa/inet.h usability
configure:13551: gcc -c -g -O2  conftest.c >&5
configure:13551: $? = 0
configure:13551: result: yes
configure:13551: checking arpa/inet.h presence
configure:13551: gcc -E  conftest.c
configure:13551: $? = 0
configure:13551: result: yes
configure:13551: checking for arpa/inet.h
configure:13551: result: yes
configure:13572: checking for an ANSI C-conforming const
configure:13638: gcc -c -g -O2  conftest.c >&5
configure:13638: $? = 0
configure:13645: result: yes
configure:13653: checking for off_t
configure:13653: gcc -c -g -O2  conftest.c >&5
configure:13653: $? = 0
configure:13653: gcc -c -g -O2  conftest.c >&5
conftest.c: In function 'main':
conftest.c:78:20: error: expected expression before ')' token
 if (sizeof ((off_t)))
                    ^
configure:13653: $? = 1
configure: failed program was:
| /* confdefs.h */
| #define PACKAGE_NAME "radcli"
| #define PACKAGE_TARNAME "radcli"
| #define PACKAGE_VERSION "1.2.7"
| #define PACKAGE_STRING "radcli 1.2.7"
| #define PACKAGE_BUGREPORT "n.mavrogiannopoulos@gmail.com"
| #define PACKAGE_URL ""
| #define PACKAGE "radcli"
| #define VERSION "1.2.7"
| #define STDC_HEADERS 1
| #define HAVE_SYS_TYPES_H 1
| #define HAVE_SYS_STAT_H 1
| #define HAVE_STDLIB_H 1
| #define HAVE_STRING_H 1
| #define HAVE_MEMORY_H 1
| #define HAVE_STRINGS_H 1
| #define HAVE_INTTYPES_H 1
| #define HAVE_STDINT_H 1
| #define HAVE_UNISTD_H 1
| #define HAVE_DLFCN_H 1
| #define LT_OBJDIR ".libs/"
| #define HAVE_DIRENT_H 1
| #define STDC_HEADERS 1
| #define HAVE_SIGNAL_H 1
| #define HAVE_SYS_SIGNAL_H 1
| #define HAVE_SYS_STAT_H 1
| #define HAVE_FCNTL_H 1
| #define HAVE_SYS_FCNTL_H 1
| #define HAVE_SYS_UTSNAME_H 1
| #define HAVE_GETOPT_H 1
| #define HAVE_UNISTD_H 1
| #define HAVE_SYS_FILE_H 1
| #define HAVE_TERMIOS_H 1
| #define HAVE_SYS_IOCTL_H 1
| #define HAVE_NETDB_H 1
| #define HAVE_SYSLOG_H 1
| #define HAVE_PWD_H 1
| #define HAVE_SYS_SOCKET_H 1
| #define HAVE_NETINET_IN_H 1
| #define HAVE_ARPA_INET_H 1
| /* end confdefs.h.  */
| #include <stdio.h>
| #ifdef HAVE_SYS_TYPES_H
| # include <sys/types.h>
| #endif
| #ifdef HAVE_SYS_STAT_H
| # include <sys/stat.h>
| #endif
| #ifdef STDC_HEADERS
| # include <stdlib.h>
| # include <stddef.h>
| #else
| # ifdef HAVE_STDLIB_H
| #  include <stdlib.h>
| # endif
| #endif
| #ifdef HAVE_STRING_H
| # if !defined STDC_HEADERS && defined HAVE_MEMORY_H
| #  include <memory.h>
| # endif
| # include <string.h>
| #endif
| #ifdef HAVE_STRINGS_H
| # include <strings.h>
| #endif
| #ifdef HAVE_INTTYPES_H
| # include <inttypes.h>
| #endif
| #ifdef HAVE_STDINT_H
| # include <stdint.h>
| #endif
| #ifdef HAVE_UNISTD_H
| # include <unistd.h>
| #endif
| int
| main ()
| {
| if (sizeof ((off_t)))
| 	    return 0;
|   ;
|   return 0;
| }
configure:13653: result: yes
configure:13664: checking for size_t
configure:13664: gcc -c -g -O2  conftest.c >&5
configure:13664: $? = 0
configure:13664: gcc -c -g -O2  conftest.c >&5
conftest.c: In function 'main':
conftest.c:78:21: error: expected expression before ')' token
 if (sizeof ((size_t)))
                     ^
configure:13664: $? = 1
configure: failed program was:
| /* confdefs.h */
| #define PACKAGE_NAME "radcli"
| #define PACKAGE_TARNAME "radcli"
| #define PACKAGE_VERSION "1.2.7"
| #define PACKAGE_STRING "radcli 1.2.7"
| #define PACKAGE_BUGREPORT "n.mavrogiannopoulos@gmail.com"
| #define PACKAGE_URL ""
| #define PACKAGE "radcli"
| #define VERSION "1.2.7"
| #define STDC_HEADERS 1
| #define HAVE_SYS_TYPES_H 1
| #define HAVE_SYS_STAT_H 1
| #define HAVE_STDLIB_H 1
| #define HAVE_STRING_H 1
| #define HAVE_MEMORY_H 1
| #define HAVE_STRINGS_H 1
| #define HAVE_INTTYPES_H 1
| #define HAVE_STDINT_H 1
| #define HAVE_UNISTD_H 1
| #define HAVE_DLFCN_H 1
| #define LT_OBJDIR ".libs/"
| #define HAVE_DIRENT_H 1
| #define STDC_HEADERS 1
| #define HAVE_SIGNAL_H 1
| #define HAVE_SYS_SIGNAL_H 1
| #define HAVE_SYS_STAT_H 1
| #define HAVE_FCNTL_H 1
| #define HAVE_SYS_FCNTL_H 1
| #define HAVE_SYS_UTSNAME_H 1
| #define HAVE_GETOPT_H 1
| #define HAVE_UNISTD_H 1
| #define HAVE_SYS_FILE_H 1
| #define HAVE_TERMIOS_H 1
| #define HAVE_SYS_IOCTL_H 1
| #define HAVE_NETDB_H 1
| #define HAVE_SYSLOG_H 1
| #define HAVE_PWD_H 1
| #define HAVE_SYS_SOCKET_H 1
| #define HAVE_NETINET_IN_H 1
| #define HAVE_ARPA_INET_H 1
| /* end confdefs.h.  */
| #include <stdio.h>
| #ifdef HAVE_SYS_TYPES_H
| # include <sys/types.h>
| #endif
| #ifdef HAVE_SYS_STAT_H
| # include <sys/stat.h>
| #endif
| #ifdef STDC_HEADERS
| # include <stdlib.h>
| # include <stddef.h>
| #else
| # ifdef HAVE_STDLIB_H
| #  include <stdlib.h>
| # endif
| #endif
| #ifdef HAVE_STRING_H
| # if !defined STDC_HEADERS && defined HAVE_MEMORY_H
| #  include <memory.h>
| # endif
| # include <string.h>
| #endif
| #ifdef HAVE_STRINGS_H
| # include <strings.h>
| #endif
| #ifdef HAVE_INTTYPES_H
| # include <inttypes.h>
| #endif
| #ifdef HAVE_STDINT_H
| # include <stdint.h>
| #endif
| #ifdef HAVE_UNISTD_H
| # include <unistd.h>
| #endif
| int
| main ()
| {
| if (sizeof ((size_t)))
| 	    return 0;
|   ;
|   return 0;
| }
configure:13664: result: yes
configure:13675: checking whether time.h and sys/time.h may both be included
configure:13695: gcc -c -g -O2  conftest.c >&5
configure:13695: $? = 0
configure:13702: result: yes
configure:13710: checking whether struct tm is in sys/time.h or time.h
configure:13730: gcc -c -g -O2  conftest.c >&5
configure:13730: $? = 0
configure:13737: result: time.h
configure:13746: checking for working memcmp
configure:13789: gcc -o conftest -g -O2   conftest.c  >&5
configure:13789: $? = 0
configure:13789: ./conftest
configure:13789: $? = 0
configure:13799: result: yes
configure:13808: checking return type of signal handlers
configure:13826: gcc -c -g -O2  conftest.c >&5
conftest.c: In function 'main':
conftest.c:49:9: error: void value not ignored as it ought to be
 return *(signal (0, 0)) (0) == 1;
         ^
configure:13826: $? = 1
configure: failed program was:
| /* confdefs.h */
| #define PACKAGE_NAME "radcli"
| #define PACKAGE_TARNAME "radcli"
| #define PACKAGE_VERSION "1.2.7"
| #define PACKAGE_STRING "radcli 1.2.7"
| #define PACKAGE_BUGREPORT "n.mavrogiannopoulos@gmail.com"
| #define PACKAGE_URL ""
| #define PACKAGE "radcli"
| #define VERSION "1.2.7"
| #define STDC_HEADERS 1
| #define HAVE_SYS_TYPES_H 1
| #define HAVE_SYS_STAT_H 1
| #define HAVE_STDLIB_H 1
| #define HAVE_STRING_H 1
| #define HAVE_MEMORY_H 1
| #define HAVE_STRINGS_H 1
| #define HAVE_INTTYPES_H 1
| #define HAVE_STDINT_H 1
| #define HAVE_UNISTD_H 1
| #define HAVE_DLFCN_H 1
| #define LT_OBJDIR ".libs/"
| #define HAVE_DIRENT_H 1
| #define STDC_HEADERS 1
| #define HAVE_SIGNAL_H 1
| #define HAVE_SYS_SIGNAL_H 1
| #define HAVE_SYS_STAT_H 1
| #define HAVE_FCNTL_H 1
| #define HAVE_SYS_FCNTL_H 1
| #define HAVE_SYS_UTSNAME_H 1
| #define HAVE_GETOPT_H 1
| #define HAVE_UNISTD_H 1
| #define HAVE_SYS_FILE_H 1
| #define HAVE_TERMIOS_H 1
| #define HAVE_SYS_IOCTL_H 1
| #define HAVE_NETDB_H 1
| #define HAVE_SYSLOG_H 1
| #define HAVE_PWD_H 1
| #define HAVE_SYS_SOCKET_H 1
| #define HAVE_NETINET_IN_H 1
| #define HAVE_ARPA_INET_H 1
| #define TIME_WITH_SYS_TIME 1
| /* end confdefs.h.  */
| #include <sys/types.h>
| #include <signal.h>
| 
| int
| main ()
| {
| return *(signal (0, 0)) (0) == 1;
|   ;
|   return 0;
| }
configure:13833: result: void
configure:13843: checking for strftime
configure:13843: gcc -o conftest -g -O2   conftest.c  >&5
conftest.c:67:6: warning: conflicting types for built-in function 'strftime'
 char strftime ();
      ^
configure:13843: $? = 0
configure:13843: result: yes
configure:13898: checking for working alloca.h
configure:13915: gcc -o conftest -g -O2   conftest.c  >&5
configure:13915: $? = 0
configure:13923: result: yes
configure:13931: checking for alloca
configure:13968: gcc -o conftest -g -O2   conftest.c  >&5
configure:13968: $? = 0
configure:13976: result: yes
configure:14082: checking for strdup
configure:14082: gcc -o conftest -g -O2   conftest.c  >&5
conftest.c:70:6: warning: conflicting types for built-in function 'strdup'
 char strdup ();
      ^
configure:14082: $? = 0
configure:14082: result: yes
configure:14095: checking for strerror
configure:14095: gcc -o conftest -g -O2   conftest.c  >&5
configure:14095: $? = 0
configure:14095: result: yes
configure:14108: checking for strcasecmp
configure:14108: gcc -o conftest -g -O2   conftest.c  >&5
conftest.c:72:6: warning: conflicting types for built-in function 'strcasecmp'
 char strcasecmp ();
      ^
configure:14108: $? = 0
configure:14108: result: yes
configure:14125: checking for fcntl
configure:14125: gcc -o conftest -g -O2   conftest.c  >&5
configure:14125: $? = 0
configure:14125: result: yes
configure:14125: checking for uname
configure:14125: gcc -o conftest -g -O2   conftest.c  >&5
configure:14125: $? = 0
configure:14125: result: yes
configure:14125: checking for gethostname
configure:14125: gcc -o conftest -g -O2   conftest.c  >&5
configure:14125: $? = 0
configure:14125: result: yes
configure:14125: checking for sysinfo
configure:14125: gcc -o conftest -g -O2   conftest.c  >&5
configure:14125: $? = 0
configure:14125: result: yes
configure:14125: checking for getdomainname
configure:14125: gcc -o conftest -g -O2   conftest.c  >&5
configure:14125: $? = 0
configure:14125: result: yes
configure:14137: checking for random
configure:14137: gcc -o conftest -g -O2   conftest.c  >&5
configure:14137: $? = 0
configure:14137: result: yes
configure:14137: checking for rand
configure:14137: gcc -o conftest -g -O2   conftest.c  >&5
configure:14137: $? = 0
configure:14137: result: yes
configure:14137: checking for snprintf
configure:14137: gcc -o conftest -g -O2   conftest.c  >&5
conftest.c:80:6: warning: conflicting types for built-in function 'snprintf'
 char snprintf ();
      ^
configure:14137: $? = 0
configure:14137: result: yes
configure:14137: checking for vsnprintf
configure:14137: gcc -o conftest -g -O2   conftest.c  >&5
conftest.c:81:6: warning: conflicting types for built-in function 'vsnprintf'
 char vsnprintf ();
      ^
configure:14137: $? = 0
configure:14137: result: yes
configure:14137: checking for strlcpy
configure:14137: gcc -o conftest -g -O2   conftest.c  >&5
/tmp/ccIPespN.o: In function `main':
/home/salman/sources/myradcli/radcli/conftest.c:93: undefined reference to `strlcpy'
collect2: error: ld returned 1 exit status
configure:14137: $? = 1
configure: failed program was:
| /* confdefs.h */
| #define PACKAGE_NAME "radcli"
| #define PACKAGE_TARNAME "radcli"
| #define PACKAGE_VERSION "1.2.7"
| #define PACKAGE_STRING "radcli 1.2.7"
| #define PACKAGE_BUGREPORT "n.mavrogiannopoulos@gmail.com"
| #define PACKAGE_URL ""
| #define PACKAGE "radcli"
| #define VERSION "1.2.7"
| #define STDC_HEADERS 1
| #define HAVE_SYS_TYPES_H 1
| #define HAVE_SYS_STAT_H 1
| #define HAVE_STDLIB_H 1
| #define HAVE_STRING_H 1
| #define HAVE_MEMORY_H 1
| #define HAVE_STRINGS_H 1
| #define HAVE_INTTYPES_H 1
| #define HAVE_STDINT_H 1
| #define HAVE_UNISTD_H 1
| #define HAVE_DLFCN_H 1
| #define LT_OBJDIR ".libs/"
| #define HAVE_DIRENT_H 1
| #define STDC_HEADERS 1
| #define HAVE_SIGNAL_H 1
| #define HAVE_SYS_SIGNAL_H 1
| #define HAVE_SYS_STAT_H 1
| #define HAVE_FCNTL_H 1
| #define HAVE_SYS_FCNTL_H 1
| #define HAVE_SYS_UTSNAME_H 1
| #define HAVE_GETOPT_H 1
| #define HAVE_UNISTD_H 1
| #define HAVE_SYS_FILE_H 1
| #define HAVE_TERMIOS_H 1
| #define HAVE_SYS_IOCTL_H 1
| #define HAVE_NETDB_H 1
| #define HAVE_SYSLOG_H 1
| #define HAVE_PWD_H 1
| #define HAVE_SYS_SOCKET_H 1
| #define HAVE_NETINET_IN_H 1
| #define HAVE_ARPA_INET_H 1
| #define TIME_WITH_SYS_TIME 1
| #define RETSIGTYPE void
| #define HAVE_STRFTIME 1
| #define HAVE_ALLOCA_H 1
| #define HAVE_ALLOCA 1
| #define HAVE_STRDUP 1
| #define HAVE_STRERROR 1
| #define HAVE_STRCASECMP 1
| #define HAVE_FCNTL 1
| #define HAVE_UNAME 1
| #define HAVE_GETHOSTNAME 1
| #define HAVE_SYSINFO 1
| #define HAVE_GETDOMAINNAME 1
| #define HAVE_RANDOM 1
| #define HAVE_RAND 1
| #define HAVE_SNPRINTF 1
| #define HAVE_VSNPRINTF 1
| /* end confdefs.h.  */
| /* Define strlcpy to an innocuous variant, in case <limits.h> declares strlcpy.
|    For example, HP-UX 11i <limits.h> declares gettimeofday.  */
| #define strlcpy innocuous_strlcpy
| 
| /* System header to define __stub macros and hopefully few prototypes,
|     which can conflict with char strlcpy (); below.
|     Prefer <limits.h> to <assert.h> if __STDC__ is defined, since
|     <limits.h> exists even on freestanding compilers.  */
| 
| #ifdef __STDC__
| # include <limits.h>
| #else
| # include <assert.h>
| #endif
| 
| #undef strlcpy
| 
| /* Override any GCC internal prototype to avoid an error.
|    Use char because int might match the return type of a GCC
|    builtin and then its argument prototype would still apply.  */
| #ifdef __cplusplus
| extern "C"
| #endif
| char strlcpy ();
| /* The GNU C library defines this for functions which it implements
|     to always fail with ENOSYS.  Some functions are actually named
|     something starting with __ and the normal name is an alias.  */
| #if defined __stub_strlcpy || defined __stub___strlcpy
| choke me
| #endif
| 
| int
| main ()
| {
| return strlcpy ();
|   ;
|   return 0;
| }
configure:14137: result: no
configure:14149: checking for pthread_mutex_lock
configure:14149: gcc -o conftest -g -O2   conftest.c  >&5
configure:14149: $? = 0
configure:14149: result: yes
configure:14945: checking for clock_gettime
configure:14945: gcc -o conftest -g -O2   conftest.c  >&5
configure:14945: $? = 0
configure:14945: result: yes
configure:15004: checking for field domainname in struct utsname
configure:15024: gcc -o conftest -g -O2   conftest.c  >&5
conftest.c:64:2: warning: return type defaults to 'int' [-Wimplicit-int]
  main(int argc, char **argv)
  ^
conftest.c: In function 'main':
conftest.c:67:6: error: 'struct utsname' has no member named 'domainname'
   uts.domainname[0] = '\0';
      ^
configure:15024: $? = 1
configure: program exited with status 1
configure: failed program was:
| /* confdefs.h */
| #define PACKAGE_NAME "radcli"
| #define PACKAGE_TARNAME "radcli"
| #define PACKAGE_VERSION "1.2.7"
| #define PACKAGE_STRING "radcli 1.2.7"
| #define PACKAGE_BUGREPORT "n.mavrogiannopoulos@gmail.com"
| #define PACKAGE_URL ""
| #define PACKAGE "radcli"
| #define VERSION "1.2.7"
| #define STDC_HEADERS 1
| #define HAVE_SYS_TYPES_H 1
| #define HAVE_SYS_STAT_H 1
| #define HAVE_STDLIB_H 1
| #define HAVE_STRING_H 1
| #define HAVE_MEMORY_H 1
| #define HAVE_STRINGS_H 1
| #define HAVE_INTTYPES_H 1
| #define HAVE_STDINT_H 1
| #define HAVE_UNISTD_H 1
| #define HAVE_DLFCN_H 1
| #define LT_OBJDIR ".libs/"
| #define HAVE_DIRENT_H 1
| #define STDC_HEADERS 1
| #define HAVE_SIGNAL_H 1
| #define HAVE_SYS_SIGNAL_H 1
| #define HAVE_SYS_STAT_H 1
| #define HAVE_FCNTL_H 1
| #define HAVE_SYS_FCNTL_H 1
| #define HAVE_SYS_UTSNAME_H 1
| #define HAVE_GETOPT_H 1
| #define HAVE_UNISTD_H 1
| #define HAVE_SYS_FILE_H 1
| #define HAVE_TERMIOS_H 1
| #define HAVE_SYS_IOCTL_H 1
| #define HAVE_NETDB_H 1
| #define HAVE_SYSLOG_H 1
| #define HAVE_PWD_H 1
| #define HAVE_SYS_SOCKET_H 1
| #define HAVE_NETINET_IN_H 1
| #define HAVE_ARPA_INET_H 1
| #define TIME_WITH_SYS_TIME 1
| #define RETSIGTYPE void
| #define HAVE_STRFTIME 1
| #define HAVE_ALLOCA_H 1
| #define HAVE_ALLOCA 1
| #define HAVE_STRDUP 1
| #define HAVE_STRERROR 1
| #define HAVE_STRCASECMP 1
| #define HAVE_FCNTL 1
| #define HAVE_UNAME 1
| #define HAVE_GETHOSTNAME 1
| #define HAVE_SYSINFO 1
| #define HAVE_GETDOMAINNAME 1
| #define HAVE_RANDOM 1
| #define HAVE_RAND 1
| #define HAVE_SNPRINTF 1
| #define HAVE_VSNPRINTF 1
| #define HAVE_PTHREAD_MUTEX_LOCK 1
| #define HAVE_CLOCK_GETTIME 1
| /* end confdefs.h.  */
| 
| 	#include <sys/utsname.h>
| 
| 	main(int argc, char **argv)
| 	{
| 		struct utsname uts;
| 		uts.domainname[0] = '\0';
| 	}
| 
configure:15030: result: no
configure:15040: checking for getentropy
configure:15056: gcc -o conftest -g -O2   conftest.c  >&5
conftest.c: In function 'main':
conftest.c:67:19: warning: implicit declaration of function 'getentropy' [-Wimplicit-function-declaration]
                   getentropy(0, 0);
                   ^
/tmp/ccK2lIlY.o: In function `main':
/home/salman/sources/myradcli/radcli/conftest.c:67: undefined reference to `getentropy'
collect2: error: ld returned 1 exit status
configure:15056: $? = 1
configure: failed program was:
| /* confdefs.h */
| #define PACKAGE_NAME "radcli"
| #define PACKAGE_TARNAME "radcli"
| #define PACKAGE_VERSION "1.2.7"
| #define PACKAGE_STRING "radcli 1.2.7"
| #define PACKAGE_BUGREPORT "n.mavrogiannopoulos@gmail.com"
| #define PACKAGE_URL ""
| #define PACKAGE "radcli"
| #define VERSION "1.2.7"
| #define STDC_HEADERS 1
| #define HAVE_SYS_TYPES_H 1
| #define HAVE_SYS_STAT_H 1
| #define HAVE_STDLIB_H 1
| #define HAVE_STRING_H 1
| #define HAVE_MEMORY_H 1
| #define HAVE_STRINGS_H 1
| #define HAVE_INTTYPES_H 1
| #define HAVE_STDINT_H 1
| #define HAVE_UNISTD_H 1
| #define HAVE_DLFCN_H 1
| #define LT_OBJDIR ".libs/"
| #define HAVE_DIRENT_H 1
| #define STDC_HEADERS 1
| #define HAVE_SIGNAL_H 1
| #define HAVE_SYS_SIGNAL_H 1
| #define HAVE_SYS_STAT_H 1
| #define HAVE_FCNTL_H 1
| #define HAVE_SYS_FCNTL_H 1
| #define HAVE_SYS_UTSNAME_H 1
| #define HAVE_GETOPT_H 1
| #define HAVE_UNISTD_H 1
| #define HAVE_SYS_FILE_H 1
| #define HAVE_TERMIOS_H 1
| #define HAVE_SYS_IOCTL_H 1
| #define HAVE_NETDB_H 1
| #define HAVE_SYSLOG_H 1
| #define HAVE_PWD_H 1
| #define HAVE_SYS_SOCKET_H 1
| #define HAVE_NETINET_IN_H 1
| #define HAVE_ARPA_INET_H 1
| #define TIME_WITH_SYS_TIME 1
| #define RETSIGTYPE void
| #define HAVE_STRFTIME 1
| #define HAVE_ALLOCA_H 1
| #define HAVE_ALLOCA 1
| #define HAVE_STRDUP 1
| #define HAVE_STRERROR 1
| #define HAVE_STRCASECMP 1
| #define HAVE_FCNTL 1
| #define HAVE_UNAME 1
| #define HAVE_GETHOSTNAME 1
| #define HAVE_SYSINFO 1
| #define HAVE_GETDOMAINNAME 1
| #define HAVE_RANDOM 1
| #define HAVE_RAND 1
| #define HAVE_SNPRINTF 1
| #define HAVE_VSNPRINTF 1
| #define HAVE_PTHREAD_MUTEX_LOCK 1
| #define HAVE_CLOCK_GETTIME 1
| /* end confdefs.h.  */
| 
|           #include <unistd.h>
| int
| main ()
| {
| 
|                   getentropy(0, 0);
| 
|   ;
|   return 0;
| }
configure:15064: result: no
configure:15070: checking for /dev/urandom
configure:15074: result: yes
configure:15098: checking for LIBGNUTLS
configure:15105: $PKG_CONFIG --exists --print-errors "gnutls >= 3.1.0"
configure:15108: $? = 0
configure:15122: $PKG_CONFIG --exists --print-errors "gnutls >= 3.1.0"
configure:15125: $? = 0
configure:15163: result: yes
configure:15200: checking for NETTLE
configure:15207: $PKG_CONFIG --exists --print-errors "nettle >= 2.4"
configure:15210: $? = 0
configure:15224: $PKG_CONFIG --exists --print-errors "nettle >= 2.4"
configure:15227: $? = 0
configure:15265: result: yes
configure:15308: result: /bin:/usr/bin:/usr/local/bin
configure:15316: checking which syslog facility to use
configure:15328: result: LOG_DAEMON
configure:15461: checking that generated files are newer than configure
configure:15467: result: done
configure:15511: creating ./config.status

## ---------------------- ##
## Running config.status. ##
## ---------------------- ##

This file was extended by radcli config.status 1.2.7, which was
generated by GNU Autoconf 2.69.  Invocation command line was

  CONFIG_FILES    = 
  CONFIG_HEADERS  = 
  CONFIG_LINKS    = 
  CONFIG_COMMANDS = 
  $ ./config.status 

on t440p

config.status:1173: creating lib/radcli.pc
config.status:1173: creating lib/radcli.map
config.status:1173: creating Makefile
config.status:1173: creating include/Makefile
config.status:1173: creating lib/Makefile
config.status:1173: creating src/Makefile
config.status:1173: creating man/Makefile
config.status:1173: creating etc/Makefile
config.status:1173: creating include/radcli/version.h
config.status:1173: creating doc/Makefile
config.status:1173: creating doc/Doxyfile
config.status:1173: creating tests/Makefile
config.status:1173: creating tests/docker/Makefile
config.status:1173: creating config.h
config.status:1402: executing depfiles commands
config.status:1402: executing libtool commands
config.status:1402: executing default commands
configure:17764: Configuration:

  Additional libraries:       -lgnutls  -lnettle 
  Nettle for MD5:            yes
  TLS and DTLS support:      yes
  freeradius-client compat:  no


## ---------------- ##
## Cache variables. ##
## ---------------- ##

ac_cv_build=x86_64-unknown-linux-gnu
ac_cv_c_bigendian=no
ac_cv_c_compiler_gnu=yes
ac_cv_c_const=yes
ac_cv_env_CC_set=
ac_cv_env_CC_value=
ac_cv_env_CFLAGS_set=
ac_cv_env_CFLAGS_value=
ac_cv_env_CPPFLAGS_set=
ac_cv_env_CPPFLAGS_value=
ac_cv_env_CPP_set=
ac_cv_env_CPP_value=
ac_cv_env_LDFLAGS_set=
ac_cv_env_LDFLAGS_value=
ac_cv_env_LIBGNUTLS_CFLAGS_set=
ac_cv_env_LIBGNUTLS_CFLAGS_value=
ac_cv_env_LIBGNUTLS_LIBS_set=
ac_cv_env_LIBGNUTLS_LIBS_value=
ac_cv_env_LIBS_set=
ac_cv_env_LIBS_value=
ac_cv_env_NETTLE_CFLAGS_set=
ac_cv_env_NETTLE_CFLAGS_value=
ac_cv_env_NETTLE_LIBS_set=
ac_cv_env_NETTLE_LIBS_value=
ac_cv_env_PKG_CONFIG_LIBDIR_set=
ac_cv_env_PKG_CONFIG_LIBDIR_value=
ac_cv_env_PKG_CONFIG_PATH_set=
ac_cv_env_PKG_CONFIG_PATH_value=
ac_cv_env_PKG_CONFIG_set=
ac_cv_env_PKG_CONFIG_value=
ac_cv_env_build_alias_set=
ac_cv_env_build_alias_value=
ac_cv_env_host_alias_set=
ac_cv_env_host_alias_value=
ac_cv_env_target_alias_set=
ac_cv_env_target_alias_value=
ac_cv_func_alloca_works=yes
ac_cv_func_clock_gettime=yes
ac_cv_func_fcntl=yes
ac_cv_func_getdomainname=yes
ac_cv_func_gethostname=yes
ac_cv_func_memcmp_working=yes
ac_cv_func_pthread_mutex_lock=yes
ac_cv_func_rand=yes
ac_cv_func_random=yes
ac_cv_func_snprintf=yes
ac_cv_func_strcasecmp=yes
ac_cv_func_strdup=yes
ac_cv_func_strerror=yes
ac_cv_func_strftime=yes
ac_cv_func_strlcpy=no
ac_cv_func_sysinfo=yes
ac_cv_func_uname=yes
ac_cv_func_vsnprintf=yes
ac_cv_header_arpa_inet_h=yes
ac_cv_header_dirent_dirent_h=yes
ac_cv_header_dlfcn_h=yes
ac_cv_header_fcntl_h=yes
ac_cv_header_getopt_h=yes
ac_cv_header_inttypes_h=yes
ac_cv_header_memory_h=yes
ac_cv_header_netdb_h=yes
ac_cv_header_netinet_in_h=yes
ac_cv_header_pwd_h=yes
ac_cv_header_signal_h=yes
ac_cv_header_stdc=yes
ac_cv_header_stdint_h=yes
ac_cv_header_stdlib_h=yes
ac_cv_header_string_h=yes
ac_cv_header_strings_h=yes
ac_cv_header_sys_fcntl_h=yes
ac_cv_header_sys_file_h=yes
ac_cv_header_sys_ioctl_h=yes
ac_cv_header_sys_signal_h=yes
ac_cv_header_sys_socket_h=yes
ac_cv_header_sys_stat_h=yes
ac_cv_header_sys_types_h=yes
ac_cv_header_sys_utsname_h=yes
ac_cv_header_syslog_h=yes
ac_cv_header_termios_h=yes
ac_cv_header_time=yes
ac_cv_header_unistd_h=yes
ac_cv_host=x86_64-unknown-linux-gnu
ac_cv_lib_socket_socket=no
ac_cv_objext=o
ac_cv_path_AR=/usr/bin/ar
ac_cv_path_EGREP='/bin/grep -E'
ac_cv_path_FGREP='/bin/grep -F'
ac_cv_path_GREP=/bin/grep
ac_cv_path_SED=/bin/sed
ac_cv_path_ac_pt_PKG_CONFIG=/usr/bin/pkg-config
ac_cv_path_install='/usr/bin/install -c'
ac_cv_path_mkdir=/bin/mkdir
ac_cv_prog_AWK=gawk
ac_cv_prog_CPP='gcc -E'
ac_cv_prog_ac_ct_AR=ar
ac_cv_prog_ac_ct_CC=gcc
ac_cv_prog_ac_ct_MANIFEST_TOOL=mt
ac_cv_prog_ac_ct_OBJDUMP=objdump
ac_cv_prog_ac_ct_RANLIB=ranlib
ac_cv_prog_ac_ct_STRIP=strip
ac_cv_prog_cc_c89=
ac_cv_prog_cc_g=yes
ac_cv_prog_make_make_set=yes
ac_cv_search_opendir='none required'
ac_cv_struct_tm=time.h
ac_cv_target=x86_64-unknown-linux-gnu
ac_cv_type_off_t=yes
ac_cv_type_signal=void
ac_cv_type_size_t=yes
ac_cv_working_alloca_h=yes
am_cv_CC_dependencies_compiler_type=gcc3
am_cv_make_support_nested_variables=yes
am_cv_prog_cc_c_o=yes
gl_cv_sys_ld_version_script=yes
lt_cv_ar_at_file=@
lt_cv_archive_cmds_need_lc=no
lt_cv_deplibs_check_method=pass_all
lt_cv_file_magic_cmd='$MAGIC_CMD'
lt_cv_file_magic_test_file=
lt_cv_ld_reload_flag=-r
lt_cv_nm_interface='BSD nm'
lt_cv_objdir=.libs
lt_cv_path_LD=/usr/bin/ld
lt_cv_path_NM='/usr/bin/nm -B'
lt_cv_path_mainfest_tool=no
lt_cv_prog_compiler_c_o=yes
lt_cv_prog_compiler_pic='-fPIC -DPIC'
lt_cv_prog_compiler_pic_works=yes
lt_cv_prog_compiler_rtti_exceptions=no
lt_cv_prog_compiler_static_works=yes
lt_cv_prog_gnu_ld=yes
lt_cv_sharedlib_from_linklib_cmd='printf %s\n'
lt_cv_shlibpath_overrides_runpath=no
lt_cv_sys_global_symbol_pipe='sed -n -e '\''s/^.*[	 ]\([ABCDGIRSTW][ABCDGIRSTW]*\)[	 ][	 ]*\([_A-Za-z][_A-Za-z0-9]*\)$/\1 \2 \2/p'\'' | sed '\''/ __gnu_lto/d'\'''
lt_cv_sys_global_symbol_to_c_name_address='sed -n -e '\''s/^: \([^ ]*\)[ ]*$/  {\"\1\", (void *) 0},/p'\'' -e '\''s/^[ABCDGIRSTW]* \([^ ]*\) \([^ ]*\)$/  {"\2", (void *) \&\2},/p'\'''
lt_cv_sys_global_symbol_to_c_name_address_lib_prefix='sed -n -e '\''s/^: \([^ ]*\)[ ]*$/  {\"\1\", (void *) 0},/p'\'' -e '\''s/^[ABCDGIRSTW]* \([^ ]*\) \(lib[^ ]*\)$/  {"\2", (void *) \&\2},/p'\'' -e '\''s/^[ABCDGIRSTW]* \([^ ]*\) \([^ ]*\)$/  {"lib\2", (void *) \&\2},/p'\'''
lt_cv_sys_global_symbol_to_cdecl='sed -n -e '\''s/^T .* \(.*\)$/extern int \1();/p'\'' -e '\''s/^[ABCDGIRSTW]* .* \(.*\)$/extern char \1;/p'\'''
lt_cv_sys_max_cmd_len=1572864
lt_cv_to_host_file_cmd=func_convert_file_noop
lt_cv_to_tool_file_cmd=func_convert_file_noop
pkg_cv_LIBGNUTLS_CFLAGS='-I/usr/include/p11-kit-1 '
pkg_cv_LIBGNUTLS_LIBS='-lgnutls '
pkg_cv_NETTLE_CFLAGS=
pkg_cv_NETTLE_LIBS='-lnettle '

## ----------------- ##
## Output variables. ##
## ----------------- ##

ACLOCAL='${SHELL} /home/salman/sources/myradcli/radcli/missing aclocal-1.15'
ALLOCA=''
AMDEPBACKSLASH='\'
AMDEP_FALSE='#'
AMDEP_TRUE=''
AMTAR='$${TAR-tar}'
AM_BACKSLASH='\'
AM_DEFAULT_V='$(AM_DEFAULT_VERBOSITY)'
AM_DEFAULT_VERBOSITY='1'
AM_V='$(V)'
AR='/usr/bin/ar'
AS='as'
AUTOCONF='${SHELL} /home/salman/sources/myradcli/radcli/missing autoconf'
AUTOHEADER='${SHELL} /home/salman/sources/myradcli/radcli/missing autoheader'
AUTOMAKE='${SHELL} /home/salman/sources/myradcli/radcli/missing automake-1.15'
AWK='gawk'
CC='gcc'
CCDEPMODE='depmode=gcc3'
CFLAGS='-g -O2'
CPP='gcc -E'
CPPFLAGS=''
CRYPTO_CFLAGS=' -I/usr/include/p11-kit-1  '
CYGPATH_W='echo'
DEFS='-DHAVE_CONFIG_H'
DEPDIR='.deps'
DLLTOOL='false'
DSYMUTIL=''
DUMPBIN=''
ECHO_C=''
ECHO_N='-n'
ECHO_T=''
EGREP='/bin/grep -E'
ENABLE_GNUTLS_FALSE='#'
ENABLE_GNUTLS_TRUE=''
ENABLE_LEGACY_COMPAT_FALSE=''
ENABLE_LEGACY_COMPAT_TRUE='#'
ENABLE_NETTLE_FALSE='#'
ENABLE_NETTLE_TRUE=''
EXEEXT=''
FGREP='/bin/grep -F'
GREP='/bin/grep'
HAVE_LD_VERSION_SCRIPT_FALSE='#'
HAVE_LD_VERSION_SCRIPT_TRUE=''
HAVE_LIBPTHREAD=''
INSTALL_DATA='${INSTALL} -m 644'
INSTALL_PROGRAM='${INSTALL}'
INSTALL_SCRIPT='${INSTALL}'
INSTALL_STRIP_PROGRAM='$(install_sh) -c -s'
LD='/usr/bin/ld -m elf_x86_64'
LDFLAGS=''
LIBGNUTLS_CFLAGS='-I/usr/include/p11-kit-1 '
LIBGNUTLS_LIBS='-lgnutls '
LIBMAJOR='4'
LIBOBJS=''
LIBPTHREAD=''
LIBPTHREAD_PREFIX=''
LIBS=''
LIBTOOL='$(SHELL) $(top_builddir)/libtool'
LIBVERSION='5:2:1'
LINK_LIBS=' -lgnutls  -lnettle '
LIPO=''
LN_S='ln -s'
LTLIBOBJS=''
LTLIBPTHREAD=''
MAJOR_VERSION='1'
MAKEINFO='${SHELL} /home/salman/sources/myradcli/radcli/missing makeinfo'
MANIFEST_TOOL=':'
MINOR_VERSION='2'
MKDIR_P='/bin/mkdir -p'
NETTLE_CFLAGS=''
NETTLE_LIBS='-lnettle '
NM='/usr/bin/nm -B'
NMEDIT=''
NUMBER_VERSION='0x010207'
OBJDUMP='objdump'
OBJEXT='o'
OTOOL64=''
OTOOL=''
PACKAGE='radcli'
PACKAGE_BUGREPORT='n.mavrogiannopoulos@gmail.com'
PACKAGE_NAME='radcli'
PACKAGE_STRING='radcli 1.2.7'
PACKAGE_TARNAME='radcli'
PACKAGE_URL=''
PACKAGE_VERSION='1.2.7'
PATCH_VERSION='7'
PATH_SEPARATOR=':'
PKG_CONFIG='/usr/bin/pkg-config'
PKG_CONFIG_LIBDIR=''
PKG_CONFIG_PATH=''
RANLIB='ranlib'
RC_LOG_FACILITY='LOG_DAEMON'
RC_SECURE_PATH='/bin:/usr/bin:/usr/local/bin'
REQUIRES_PRIVATE='Requires.private:  gnutls, nettle'
SED='/bin/sed'
SET_MAKE=''
SHELL='/bin/bash'
STRIP='strip'
VERSION='1.2.7'
ac_ct_AR='ar'
ac_ct_CC='gcc'
ac_ct_DUMPBIN=''
am__EXEEXT_FALSE=''
am__EXEEXT_TRUE='#'
am__fastdepCC_FALSE='#'
am__fastdepCC_TRUE=''
am__include='include'
am__isrc=''
am__leading_dot='.'
am__nodep='_no'
am__quote=''
am__tar='$${TAR-tar} chof - "$$tardir"'
am__untar='$${TAR-tar} xf -'
bindir='${exec_prefix}/bin'
build='x86_64-unknown-linux-gnu'
build_alias=''
build_cpu='x86_64'
build_os='linux-gnu'
build_vendor='unknown'
datadir='${datarootdir}'
datarootdir='${prefix}/share'
docdir='${datarootdir}/doc/${PACKAGE_TARNAME}'
dvidir='${docdir}'
exec_prefix='${prefix}'
host='x86_64-unknown-linux-gnu'
host_alias=''
host_cpu='x86_64'
host_os='linux-gnu'
host_vendor='unknown'
htmldir='${docdir}'
includedir='${prefix}/include'
infodir='${datarootdir}/info'
install_sh='${SHELL} /home/salman/sources/myradcli/radcli/install-sh'
libdir='${exec_prefix}/lib'
libexecdir='${exec_prefix}/libexec'
localedir='${datarootdir}/locale'
localstatedir='${prefix}/var'
mandir='${datarootdir}/man'
mkdir_p='$(MKDIR_P)'
oldincludedir='/usr/include'
pdfdir='${docdir}'
pkgsysconfdir='${prefix}/etc/radcli'
prefix='/usr/local'
program_transform_name='s,x,x,'
psdir='${docdir}'
sbindir='${exec_prefix}/sbin'
sharedstatedir='${prefix}/com'
sysconfdir='${prefix}/etc'
target='x86_64-unknown-linux-gnu'
target_alias=''
target_cpu='x86_64'
target_os='linux-gnu'
target_vendor='unknown'

## ----------- ##
## confdefs.h. ##
## ----------- ##

/* confdefs.h */
#define PACKAGE_NAME "radcli"
#define PACKAGE_TARNAME "radcli"
#define PACKAGE_VERSION "1.2.7"
#define PACKAGE_STRING "radcli 1.2.7"
#define PACKAGE_BUGREPORT "n.mavrogiannopoulos@gmail.com"
#define PACKAGE_URL ""
#define PACKAGE "radcli"
#define VERSION "1.2.7"
#define STDC_HEADERS 1
#define HAVE_SYS_TYPES_H 1
#define HAVE_SYS_STAT_H 1
#define HAVE_STDLIB_H 1
#define HAVE_STRING_H 1
#define HAVE_MEMORY_H 1
#define HAVE_STRINGS_H 1
#define HAVE_INTTYPES_H 1
#define HAVE_STDINT_H 1
#define HAVE_UNISTD_H 1
#define HAVE_DLFCN_H 1
#define LT_OBJDIR ".libs/"
#define HAVE_DIRENT_H 1
#define STDC_HEADERS 1
#define HAVE_SIGNAL_H 1
#define HAVE_SYS_SIGNAL_H 1
#define HAVE_SYS_STAT_H 1
#define HAVE_FCNTL_H 1
#define HAVE_SYS_FCNTL_H 1
#define HAVE_SYS_UTSNAME_H 1
#define HAVE_GETOPT_H 1
#define HAVE_UNISTD_H 1
#define HAVE_SYS_FILE_H 1
#define HAVE_TERMIOS_H 1
#define HAVE_SYS_IOCTL_H 1
#define HAVE_NETDB_H 1
#define HAVE_SYSLOG_H 1
#define HAVE_PWD_H 1
#define HAVE_SYS_SOCKET_H 1
#define HAVE_NETINET_IN_H 1
#define HAVE_ARPA_INET_H 1
#define TIME_WITH_SYS_TIME 1
#define RETSIGTYPE void
#define HAVE_STRFTIME 1
#define HAVE_ALLOCA_H 1
#define HAVE_ALLOCA 1
#define HAVE_STRDUP 1
#define HAVE_STRERROR 1
#define HAVE_STRCASECMP 1
#define HAVE_FCNTL 1
#define HAVE_UNAME 1
#define HAVE_GETHOSTNAME 1
#define HAVE_SYSINFO 1
#define HAVE_GETDOMAINNAME 1
#define HAVE_RANDOM 1
#define HAVE_RAND 1
#define HAVE_SNPRINTF 1
#define HAVE_VSNPRINTF 1
#define HAVE_PTHREAD_MUTEX_LOCK 1
#define HAVE_CLOCK_GETTIME 1
#define HAVE_DEV_URANDOM 1
#define HAVE_GNUTLS 1
#define HAVE_NETTLE 1

configure: exit 0

## ---------------------- ##
## Running config.status. ##
## ---------------------- ##

This file was extended by radcli config.status 1.2.7, which was
generated by GNU Autoconf 2.69.  Invocation command line was

  CONFIG_FILES    = 
  CONFIG_HEADERS  = 
  CONFIG_LINKS    = 
  CONFIG_COMMANDS = 
  $ ./config.status lib/Makefile depfiles

on t440p

config.status:1173: creating lib/Makefile
config.status:1402: executing depfiles commands

## ---------------------- ##
## Running config.status. ##
## ---------------------- ##

This file was extended by radcli config.status 1.2.7, which was
generated by GNU Autoconf 2.69.  Invocation command line was

  CONFIG_FILES    = 
  CONFIG_HEADERS  = 
  CONFIG_LINKS    = 
  CONFIG_COMMANDS = 
  $ ./config.status Makefile

on t440p

config.status:1173: creating Makefile

## ---------------------- ##
## Running config.status. ##
## ---------------------- ##

This file was extended by radcli config.status 1.2.7, which was
generated by GNU Autoconf 2.69.  Invocation command line was

  CONFIG_FILES    = 
  CONFIG_HEADERS  = 
  CONFIG_LINKS    = 
  CONFIG_COMMANDS = 
  $ ./config.status include/Makefile

on t440p

config.status:1173: creating include/Makefile

## ---------------------- ##
## Running config.status. ##
## ---------------------- ##

This file was extended by radcli config.status 1.2.7, which was
generated by GNU Autoconf 2.69.  Invocation command line was

  CONFIG_FILES    = 
  CONFIG_HEADERS  = 
  CONFIG_LINKS    = 
  CONFIG_COMMANDS = 
  $ ./config.status lib/Makefile depfiles

on t440p

config.status:1173: creating lib/Makefile
config.status:1402: executing depfiles commands

## ---------------------- ##
## Running config.status. ##
## ---------------------- ##

This file was extended by radcli config.status 1.2.7, which was
generated by GNU Autoconf 2.69.  Invocation command line was

  CONFIG_FILES    = 
  CONFIG_HEADERS  = 
  CONFIG_LINKS    = 
  CONFIG_COMMANDS = 
  $ ./config.status src/Makefile depfiles

on t440p

config.status:1173: creating src/Makefile
config.status:1402: executing depfiles commands

## ---------------------- ##
## Running config.status. ##
## ---------------------- ##

This file was extended by radcli config.status 1.2.7, which was
generated by GNU Autoconf 2.69.  Invocation command line was

  CONFIG_FILES    = 
  CONFIG_HEADERS  = 
  CONFIG_LINKS    = 
  CONFIG_COMMANDS = 
  $ ./config.status etc/Makefile

on t440p

config.status:1173: creating etc/Makefile

## ---------------------- ##
## Running config.status. ##
## ---------------------- ##

This file was extended by radcli config.status 1.2.7, which was
generated by GNU Autoconf 2.69.  Invocation command line was

  CONFIG_FILES    = 
  CONFIG_HEADERS  = 
  CONFIG_LINKS    = 
  CONFIG_COMMANDS = 
  $ ./config.status man/Makefile

on t440p

config.status:1173: creating man/Makefile

## ---------------------- ##
## Running config.status. ##
## ---------------------- ##

This file was extended by radcli config.status 1.2.7, which was
generated by GNU Autoconf 2.69.  Invocation command line was

  CONFIG_FILES    = 
  CONFIG_HEADERS  = 
  CONFIG_LINKS    = 
  CONFIG_COMMANDS = 
  $ ./config.status doc/Makefile

on t440p

config.status:1173: creating doc/Makefile

## ---------------------- ##
## Running config.status. ##
## ---------------------- ##

This file was extended by radcli config.status 1.2.7, which was
generated by GNU Autoconf 2.69.  Invocation command line was

  CONFIG_FILES    = 
  CONFIG_HEADERS  = 
  CONFIG_LINKS    = 
  CONFIG_COMMANDS = 
  $ ./config.status tests/Makefile depfiles

on t440p

config.status:1173: creating tests/Makefile
config.status:1402: executing depfiles commands

## ---------------------- ##
## Running config.status. ##
## ---------------------- ##

This file was extended by radcli config.status 1.2.7, which was
generated by GNU Autoconf 2.69.  Invocation command line was

  CONFIG_FILES    = 
  CONFIG_HEADERS  = 
  CONFIG_LINKS    = 
  CONFIG_COMMANDS = 
  $ ./config.status tests/docker/Makefile

on t440p

config.status:1173: creating tests/docker/Makefile
